<?xml version="1.0" encoding="UTF-8"?>
<!-- Generated by org.testng.reporters.JUnitXMLReporter -->
<testsuite ignored="0" hostname="LAPTOP-1K48JCPF" failures="1" tests="2" name="Test" time="48.025" errors="0" timestamp="2026-08-20T19:03:31 IST">
  <testcase classname="testCases.Tc001_AccountRegistrationTest" name="verify_Account_Registration" time="3.886"/>
  <testcase classname="testCases.TC002_LoginTest" name="verify_Login" time="6.964">
    <failure type="java.lang.AssertionError" message="expected [true] but found [false]">
      <![CDATA[java.lang.AssertionError: expected [true] but found [false]
at testCases.TC002_LoginTest.verify_Login(TC002_LoginTest.java:44)
at java.base/java.util.ArrayList.forEach(ArrayList.java:1596)
... Removed 29 stack frames]]>
    </failure>
  </testcase> <!-- verify_Login -->
</testsuite> <!-- Test -->
