<?xml version="1.0" encoding="UTF-8"?>
<!-- Generated by org.testng.reporters.JUnitXMLReporter -->
<testsuite ignored="0" hostname="LAPTOP-1K48JCPF" failures="0" tests="1" name="edgeTest" time="11.95" errors="0" timestamp="2026-08-17T09:57:46 IST">
  <testcase classname="testBase.BaseClass" name="@AfterClass tearDown" time="0.004">
    <failure type="java.lang.NullPointerException" message="Cannot invoke &amp;quot;org.openqa.selenium.WebDriver.quit()&amp;quot; because &amp;quot;this.driver&amp;quot; is null">
      <![CDATA[java.lang.NullPointerException: Cannot invoke "org.openqa.selenium.WebDriver.quit()" because "this.driver" is null
at testBase.BaseClass.tearDown(BaseClass.java:61)
at java.base/java.util.ArrayList.forEach(ArrayList.java:1596)
at java.base/java.util.concurrent.FutureTask.run(FutureTask.java:317)
at java.base/java.util.concurrent.ThreadPoolExecutor.runWorker(ThreadPoolExecutor.java:1144)
at java.base/java.util.concurrent.ThreadPoolExecutor$Worker.run(ThreadPoolExecutor.java:642)
at java.base/java.lang.Thread.run(Thread.java:1583)
... Removed 14 stack frames]]>
    </failure>
  </testcase> <!-- @AfterClass tearDown -->
  <testcase classname="testCases.Tc001_AccountRegistrationTest" name="verify_Account_Registration" time="4.079"/>
</testsuite> <!-- edgeTest -->
