<?xml version="1.0" encoding="UTF-8"?>
<!-- Generated by org.testng.reporters.JUnitXMLReporter -->
<testsuite ignored="0" hostname="LAPTOP-1K48JCPF" failures="1" tests="1" name="firefoxTest" time="0.696" errors="0" timestamp="2026-08-17T09:57:35 IST">
  <testcase classname="testCases.Tc001_AccountRegistrationTest" name="verify_Account_Registration" time="0.115">
    <failure type="java.lang.AssertionError" message="null">
      <![CDATA[java.lang.AssertionError: null
at testCases.Tc001_AccountRegistrationTest.verify_Account_Registration(Tc001_AccountRegistrationTest.java:78)
at java.base/java.util.ArrayList.forEach(ArrayList.java:1596)
at java.base/java.util.concurrent.FutureTask.run(FutureTask.java:317)
at java.base/java.util.concurrent.ThreadPoolExecutor.runWorker(ThreadPoolExecutor.java:1144)
at java.base/java.util.concurrent.ThreadPoolExecutor$Worker.run(ThreadPoolExecutor.java:642)
at java.base/java.lang.Thread.run(Thread.java:1583)
... Removed 17 stack frames]]>
    </failure>
  </testcase> <!-- verify_Account_Registration -->
</testsuite> <!-- firefoxTest -->
