<?xml version="1.0" encoding="UTF-8"?>
<testng-results ignored="0" total="2" passed="2" failed="0" skipped="0">
  <reporter-output>
  </reporter-output>
  <suite started-at="2026-08-22T17:40:04 IST" name="Master Suite" finished-at="2026-08-22T17:40:17 IST" duration-ms="12952">
    <groups>
      <group name="Master">
        <method signature="TC002_LoginTest.verify_Login()[pri:0, instance:testCases.TC002_LoginTest@3d1848cc]" name="verify_Login" class="testCases.TC002_LoginTest"/>
        <method signature="Tc001_AccountRegistrationTest.verify_Account_Registration()[pri:0, instance:testCases.Tc001_AccountRegistrationTest@48e92c5c]" name="verify_Account_Registration" class="testCases.Tc001_AccountRegistrationTest"/>
      </group> <!-- Master -->
      <group name="Sanity">
        <method signature="TC002_LoginTest.verify_Login()[pri:0, instance:testCases.TC002_LoginTest@3d1848cc]" name="verify_Login" class="testCases.TC002_LoginTest"/>
      </group> <!-- Sanity -->
      <group name="Regression">
        <method signature="Tc001_AccountRegistrationTest.verify_Account_Registration()[pri:0, instance:testCases.Tc001_AccountRegistrationTest@48e92c5c]" name="verify_Account_Registration" class="testCases.Tc001_AccountRegistrationTest"/>
      </group> <!-- Regression -->
    </groups>
    <test started-at="2026-08-22T17:40:04 IST" name="Test" finished-at="2026-08-22T17:40:17 IST" duration-ms="12952">
      <class name="testCases.TC002_LoginTest">
        <test-method is-config="true" signature="setup(java.lang.String,java.lang.String)[pri:0, instance:testCases.TC002_LoginTest@3d1848cc]" started-at="2026-08-22T17:40:13 IST" name="setup" finished-at="2026-08-22T17:40:15 IST" duration-ms="1680" status="PASS">
          <params>
            <param index="0">
              <value>
                <![CDATA[Windows]]>
              </value>
            </param>
            <param index="1">
              <value>
                <![CDATA[chrome]]>
              </value>
            </param>
          </params>
          <reporter-output>
          </reporter-output>
        </test-method> <!-- setup -->
        <test-method signature="verify_Login()[pri:0, instance:testCases.TC002_LoginTest@3d1848cc]" started-at="2026-08-22T17:40:15 IST" name="verify_Login" finished-at="2026-08-22T17:40:17 IST" duration-ms="2039" status="PASS">
          <reporter-output>
          </reporter-output>
        </test-method> <!-- verify_Login -->
        <test-method is-config="true" signature="tearDown()[pri:0, instance:testCases.TC002_LoginTest@3d1848cc]" started-at="2026-08-22T17:40:17 IST" name="tearDown" finished-at="2026-08-22T17:40:17 IST" duration-ms="459" status="PASS">
          <reporter-output>
          </reporter-output>
        </test-method> <!-- tearDown -->
      </class> <!-- testCases.TC002_LoginTest -->
      <class name="testCases.Tc001_AccountRegistrationTest">
        <test-method is-config="true" signature="setup(java.lang.String,java.lang.String)[pri:0, instance:testCases.Tc001_AccountRegistrationTest@48e92c5c]" started-at="2026-08-22T17:40:05 IST" name="setup" finished-at="2026-08-22T17:40:09 IST" duration-ms="4446" status="PASS">
          <params>
            <param index="0">
              <value>
                <![CDATA[Windows]]>
              </value>
            </param>
            <param index="1">
              <value>
                <![CDATA[chrome]]>
              </value>
            </param>
          </params>
          <reporter-output>
          </reporter-output>
        </test-method> <!-- setup -->
        <test-method signature="verify_Account_Registration()[pri:0, instance:testCases.Tc001_AccountRegistrationTest@48e92c5c]" started-at="2026-08-22T17:40:09 IST" name="verify_Account_Registration" finished-at="2026-08-22T17:40:13 IST" duration-ms="3520" status="PASS">
          <reporter-output>
          </reporter-output>
        </test-method> <!-- verify_Account_Registration -->
        <test-method is-config="true" signature="tearDown()[pri:0, instance:testCases.Tc001_AccountRegistrationTest@48e92c5c]" started-at="2026-08-22T17:40:13 IST" name="tearDown" finished-at="2026-08-22T17:40:13 IST" duration-ms="427" status="PASS">
          <reporter-output>
          </reporter-output>
        </test-method> <!-- tearDown -->
      </class> <!-- testCases.Tc001_AccountRegistrationTest -->
    </test> <!-- Test -->
  </suite> <!-- Master Suite -->
</testng-results>
