<?xml version="1.0" encoding="UTF-8"?>
<!-- Generated by org.testng.reporters.JUnitReportReporter -->
<testsuite hostname="LAPTOP-1K48JCPF" failures="0" tests="6" name="testCases.TC003_LoginDDT" time="42.303" errors="0" timestamp="2026-08-20T18:49:43 IST" skipped="0">
  <testcase classname="testCases.TC003_LoginDDT" name="verify_loginDDT" time="6.699"/>
  <testcase classname="testCases.TC003_LoginDDT" name="verify_loginDDT" time="7.928"/>
  <testcase classname="testCases.TC003_LoginDDT" name="verify_loginDDT" time="7.040"/>
  <testcase classname="testCases.TC003_LoginDDT" name="verify_loginDDT" time="6.755"/>
  <testcase classname="testCases.TC003_LoginDDT" name="verify_loginDDT" time="7.169"/>
  <testcase classname="testCases.TC003_LoginDDT" name="verify_loginDDT" time="6.712"/>
</testsuite> <!-- testCases.TC003_LoginDDT -->
